-------------------------------------------------------------------------------
Test set: com.akshay.webApp.MyWebAppSpringJpaApplicationTests
-------------------------------------------------------------------------------
Tests run: 1, Failures: 0, Errors: 1, Skipped: 0, Time elapsed: 5.184 s <<< FAILURE! - in com.akshay.webApp.MyWebAppSpringJpaApplicationTests
contextLoads  Time elapsed: 0.012 s  <<< ERROR!
java.lang.IllegalStateException: Failed to load ApplicationContext
Caused by: org.springframework.beans.factory.BeanCreationException: 
Error creating bean with name 'requestMappingHandlerMapping' defined in class path resource [org/springframework/boot/autoconfigure/web/servlet/WebMvcAutoConfiguration$EnableWebMvcConfiguration.class]: Invocation of init method failed; nested exception is java.lang.IllegalStateException: Ambiguous mapping. Cannot map 'alienController' method 
com.akshay.webApp.AlienController#veriapp(String, String)
to { [/veriApp]}: There is already 'alienController' bean method
com.akshay.webApp.AlienController#addAlien(String) mapped.
Caused by: java.lang.IllegalStateException: 
Ambiguous mapping. Cannot map 'alienController' method 
com.akshay.webApp.AlienController#veriapp(String, String)
to { [/veriApp]}: There is already 'alienController' bean method
com.akshay.webApp.AlienController#addAlien(String) mapped.

